<?xml version="1.0" encoding="UTF-8"?>
<testng-results skipped="0" failed="0" total="0" passed="0">
  <reporter-output>
  </reporter-output>
  <suite name="webdriveruniversityframework" duration-ms="17817" started-at="2018-06-01T20:04:21Z" finished-at="2018-06-01T20:04:39Z">
    <groups>
    </groups>
    <test name="Cucumber Tests" duration-ms="17817" started-at="2018-06-01T20:04:21Z" finished-at="2018-06-01T20:04:39Z">
    </test> <!-- Cucumber Tests -->
  </suite> <!-- webdriveruniversityframework -->
</testng-results>
